[2014-05-20 20:08:40Z] Login to Scoutlander.com -> GET 'http://www.scoutlander.com/publicsite/home.aspx', username: threadhead@gmail.com
[2014-05-20 20:08:42Z] PAGE TITLE : ScoutLander - Home - Free Boy Scout, Cub Scout, and Girl Scout Websites
[2014-05-20 20:08:47Z] ADULT_INFO_PAGE: Dagmar Adams, profile: 359326, /securesite/parentmain.aspx?UID=3218&profile=359326
[2014-05-20 20:08:49Z] CREATE_USER: Dagmar Adams, profile: 359326
[2014-05-20 20:08:49Z] ADULT_INFO_PAGE: Dave Amann, profile: 85542, /securesite/parentmain.aspx?UID=3218&profile=85542
[2014-05-20 20:08:50Z] CREATE_USER: Dave Amann, profile: 85542
[2014-05-20 20:08:50Z] ADULT_INFO_PAGE: Virginia Araujo, profile: 575874, /securesite/parentmain.aspx?UID=3218&profile=575874
[2014-05-20 20:08:52Z] CREATE_USER: Virginia Araujo, profile: 575874
[2014-05-20 20:08:52Z] ADULT_INFO_PAGE: Kelly Armijo, profile: 720340, /securesite/parentmain.aspx?UID=3218&profile=720340
[2014-05-20 20:08:53Z] CREATE_USER: Kelly Armijo, profile: 720340
[2014-05-20 20:08:53Z] ADULT_INFO_PAGE: Anna Barab, profile: 658927, /securesite/parentmain.aspx?UID=3218&profile=658927
[2014-05-20 20:08:55Z] CREATE_USER: Anna Barab, profile: 658927
[2014-05-20 20:08:55Z] ADULT_INFO_PAGE: Philip Barnett, profile: 80385, /securesite/parentmain.aspx?UID=3218&profile=80385
[2014-05-20 20:08:56Z] CREATE_USER: Philip Barnett, profile: 80385
[2014-05-20 20:08:56Z] ADULT_INFO_PAGE: Stacey Barnett, profile: 91154, /securesite/parentmain.aspx?UID=3218&profile=91154
[2014-05-20 20:08:57Z] CREATE_USER: Stacey Barnett, profile: 91154
[2014-05-20 20:08:57Z] ADULT_INFO_PAGE: John Bartholomew, profile: 244794, /securesite/parentmain.aspx?UID=3218&profile=244794
[2014-05-20 20:08:59Z] CREATE_USER: John Bartholomew, profile: 244794
[2014-05-20 20:08:59Z] ADULT_INFO_PAGE: Hazen Bazinet, profile: 137903, /securesite/parentmain.aspx?UID=3218&profile=137903
[2014-05-20 20:09:01Z] CREATE_USER: Hazen Bazinet, profile: 137903
[2014-05-20 20:09:01Z] ADULT_INFO_PAGE: Suzanne Bennett, profile: 279319, /securesite/parentmain.aspx?UID=3218&profile=279319
[2014-05-20 20:09:03Z] CREATE_USER: Suzanne Bennett, profile: 279319
[2014-05-20 20:09:03Z] ADULT_INFO_PAGE: Pierre Brachet, profile: 726847, /securesite/parentmain.aspx?UID=3218&profile=726847
[2014-05-20 20:09:06Z] CREATE_USER: Pierre Brachet, profile: 726847
[2014-05-20 20:09:06Z] ADULT_INFO_PAGE: Jim Brandt, profile: 244786, /securesite/parentmain.aspx?UID=3218&profile=244786
[2014-05-20 20:09:07Z] CREATE_USER: Jim Brandt, profile: 244786
[2014-05-20 20:09:07Z] ADULT_INFO_PAGE: Bill Branson, profile: 91157, /securesite/parentmain.aspx?UID=3218&profile=91157
[2014-05-20 20:09:08Z] CREATE_USER: Bill Branson, profile: 91157
[2014-05-20 20:09:08Z] ADULT_INFO_PAGE: Korri Breese, profile: 244802, /securesite/parentmain.aspx?UID=3218&profile=244802
[2014-05-20 20:09:10Z] CREATE_USER: Korri Breese, profile: 244802
[2014-05-20 20:09:10Z] ADULT_INFO_PAGE: Nathan Breese, profile: 743451, /securesite/parentmain.aspx?UID=3218&profile=743451
[2014-05-20 20:09:11Z] CREATE_USER: Nathan Breese, profile: 743451
[2014-05-20 20:09:11Z] ADULT_INFO_PAGE: Trish Brotherton, profile: 912112, /securesite/parentmain.aspx?UID=3218&profile=912112
[2014-05-20 20:09:13Z] CREATE_USER: Trish Brotherton, profile: 912112
[2014-05-20 20:09:13Z] ADULT_INFO_PAGE: Patrick Calvin, profile: 715749, /securesite/parentmain.aspx?UID=3218&profile=715749
[2014-05-20 20:09:14Z] CREATE_USER: Patrick Calvin, profile: 715749
[2014-05-20 20:09:14Z] ADULT_INFO_PAGE: Brian Carson, profile: 91163, /securesite/parentmain.aspx?UID=3218&profile=91163
[2014-05-20 20:09:17Z] CREATE_USER: Brian Carson, profile: 91163
[2014-05-20 20:09:17Z] ADULT_INFO_PAGE: Matt Carver, profile: 255919, /securesite/parentmain.aspx?UID=3218&profile=255919
[2014-05-20 20:09:19Z] CREATE_USER: Matt Carver, profile: 255919
[2014-05-20 20:09:19Z] ADULT_INFO_PAGE: Matthew Carver, profile: 244663, /securesite/parentmain.aspx?UID=3218&profile=244663
[2014-05-20 20:09:21Z] CREATE_USER: Matthew Carver, profile: 244663
[2014-05-20 20:09:21Z] ADULT_INFO_PAGE: Sharon Chambers, profile: 279310, /securesite/parentmain.aspx?UID=3218&profile=279310
[2014-05-20 20:09:22Z] CREATE_USER: Sharon Chambers, profile: 279310
[2014-05-20 20:09:22Z] ADULT_INFO_PAGE: Cindy Chandley, profile: 294194, /securesite/parentmain.aspx?UID=3218&profile=294194
[2014-05-20 20:09:24Z] CREATE_USER: Cindy Chandley, profile: 294194
[2014-05-20 20:09:24Z] ADULT_INFO_PAGE: Tim Chatburn, profile: 91053, /securesite/parentmain.aspx?UID=3218&profile=91053
[2014-05-20 20:09:26Z] CREATE_USER: Tim Chatburn, profile: 91053
[2014-05-20 20:09:26Z] ADULT_INFO_PAGE: Kim Clark, profile: 723576, /securesite/parentmain.aspx?UID=3218&profile=723576
[2014-05-20 20:09:27Z] CREATE_USER: Kim Clark, profile: 723576
[2014-05-20 20:09:27Z] ADULT_INFO_PAGE: James Clarkin, profile: 91167, /securesite/parentmain.aspx?UID=3218&profile=91167
[2014-05-20 20:09:30Z] CREATE_USER: James Clarkin, profile: 91167
[2014-05-20 20:09:30Z] ADULT_INFO_PAGE: Jason Coe, profile: 505541, /securesite/parentmain.aspx?UID=3218&profile=505541
[2014-05-20 20:09:32Z] CREATE_USER: Jason Coe, profile: 505541
[2014-05-20 20:09:32Z] ADULT_INFO_PAGE: Tina Collins, profile: 298605, /securesite/parentmain.aspx?UID=3218&profile=298605
[2014-05-20 20:09:34Z] CREATE_USER: Tina Collins, profile: 298605
[2014-05-20 20:09:34Z] ADULT_INFO_PAGE: Ricardo Cordova, profile: 505546, /securesite/parentmain.aspx?UID=3218&profile=505546
[2014-05-20 20:09:35Z] CREATE_USER: Ricardo Cordova, profile: 505546
[2014-05-20 20:09:35Z] ADULT_INFO_PAGE: Tyler Covell, profile: 91169, /securesite/parentmain.aspx?UID=3218&profile=91169
[2014-05-20 20:09:36Z] CREATE_USER: Tyler Covell, profile: 91169
[2014-05-20 20:09:36Z] ADULT_INFO_PAGE: Amy Curnutt, profile: 788315, /securesite/parentmain.aspx?UID=3218&profile=788315
[2014-05-20 20:09:37Z] CREATE_USER: Amy Curnutt, profile: 788315
[2014-05-20 20:09:37Z] ADULT_INFO_PAGE: Kevin Deasey, profile: 136518, /securesite/parentmain.aspx?UID=3218&profile=136518
[2014-05-20 20:09:38Z] CREATE_USER: Kevin Deasey, profile: 136518
[2014-05-20 20:09:38Z] ADULT_INFO_PAGE: Keith Doran, profile: 82155, /securesite/parentmain.aspx?UID=3218&profile=82155
[2014-05-20 20:09:40Z] CREATE_USER: Keith Doran, profile: 82155
[2014-05-20 20:09:40Z] ADULT_INFO_PAGE: Chris Durham, profile: 134653, /securesite/parentmain.aspx?UID=3218&profile=134653
[2014-05-20 20:09:42Z] CREATE_USER: Chris Durham, profile: 134653
[2014-05-20 20:09:42Z] ADULT_INFO_PAGE: Dale Ellerd, profile: 244780, /securesite/parentmain.aspx?UID=3218&profile=244780
[2014-05-20 20:09:43Z] CREATE_USER: Dale Ellerd, profile: 244780
[2014-05-20 20:09:43Z] ADULT_INFO_PAGE: Mark Engdahl, profile: 142820, /securesite/parentmain.aspx?UID=3218&profile=142820
[2014-05-20 20:09:45Z] CREATE_USER: Mark Engdahl, profile: 142820
[2014-05-20 20:09:45Z] ADULT_INFO_PAGE: Sue Engdahl, profile: 141972, /securesite/parentmain.aspx?UID=3218&profile=141972
[2014-05-20 20:09:46Z] CREATE_USER: Sue Engdahl, profile: 141972
[2014-05-20 20:09:46Z] ADULT_INFO_PAGE: Catriona Foster, profile: 143790, /securesite/parentmain.aspx?UID=3218&profile=143790
[2014-05-20 20:09:47Z] CREATE_USER: Catriona Foster, profile: 143790
[2014-05-20 20:09:47Z] ADULT_INFO_PAGE: Coy Foster, profile: 143789, /securesite/parentmain.aspx?UID=3218&profile=143789
[2014-05-20 20:09:49Z] CREATE_USER: Coy Foster, profile: 143789
[2014-05-20 20:09:49Z] ADULT_INFO_PAGE: Dru Fowler, profile: 365187, /securesite/parentmain.aspx?UID=3218&profile=365187
[2014-05-20 20:09:51Z] CREATE_USER: Dru Fowler, profile: 365187
[2014-05-20 20:09:51Z] ADULT_INFO_PAGE: Jan Franke, profile: 91175, /securesite/parentmain.aspx?UID=3218&profile=91175
[2014-05-20 20:09:53Z] CREATE_USER: Jan Franke, profile: 91175
[2014-05-20 20:09:53Z] ADULT_INFO_PAGE: Austin Gasser, profile: 864561, /securesite/parentmain.aspx?UID=3218&profile=864561
[2014-05-20 20:09:56Z] CREATE_USER: Austin Gasser, profile: 864561
[2014-05-20 20:09:56Z] ADULT_INFO_PAGE: James Gasser, profile: 257465, /securesite/parentmain.aspx?UID=3218&profile=257465
[2014-05-20 20:09:58Z] CREATE_USER: James Gasser, profile: 257465
[2014-05-20 20:09:58Z] ADULT_INFO_PAGE: Marty Gasser, profile: 257466, /securesite/parentmain.aspx?UID=3218&profile=257466
[2014-05-20 20:09:59Z] CREATE_USER: Marty Gasser, profile: 257466
[2014-05-20 20:09:59Z] ADULT_INFO_PAGE: Jennifer Geis, profile: 91062, /securesite/parentmain.aspx?UID=3218&profile=91062
[2014-05-20 20:10:01Z] CREATE_USER: Jennifer Geis, profile: 91062
[2014-05-20 20:10:01Z] ADULT_INFO_PAGE: Debbie Geise, profile: 91176, /securesite/parentmain.aspx?UID=3218&profile=91176
[2014-05-20 20:10:02Z] CREATE_USER: Debbie Geise, profile: 91176
[2014-05-20 20:10:02Z] ADULT_INFO_PAGE: Paul Geise, profile: 85549, /securesite/parentmain.aspx?UID=3218&profile=85549
[2014-05-20 20:10:04Z] CREATE_USER: Paul Geise, profile: 85549
[2014-05-20 20:10:04Z] ADULT_INFO_PAGE: Matt Gerst, profile: 493306, /securesite/parentmain.aspx?UID=3218&profile=493306
[2014-05-20 20:10:06Z] CREATE_USER: Matt Gerst, profile: 493306
[2014-05-20 20:10:06Z] ADULT_INFO_PAGE: Matt Gerst, profile: 244797, /securesite/parentmain.aspx?UID=3218&profile=244797
[2014-05-20 20:10:08Z] CREATE_USER: Matt Gerst, profile: 244797
[2014-05-20 20:10:08Z] ADULT_INFO_PAGE: Beth Giardina, profile: 244664, /securesite/parentmain.aspx?UID=3218&profile=244664
[2014-05-20 20:10:09Z] CREATE_USER: Beth Giardina, profile: 244664
[2014-05-20 20:10:09Z] ADULT_INFO_PAGE: Denny Giardina, profile: 300905, /securesite/parentmain.aspx?UID=3218&profile=300905
[2014-05-20 20:10:11Z] CREATE_USER: Denny Giardina, profile: 300905
[2014-05-20 20:10:11Z] ADULT_INFO_PAGE: Jennifer  Goins, profile: 365174, /securesite/parentmain.aspx?UID=3218&profile=365174
[2014-05-20 20:10:12Z] CREATE_USER: Jennifer  Goins, profile: 365174
[2014-05-20 20:10:12Z] ADULT_INFO_PAGE: Randy Goins, profile: 523854, /securesite/parentmain.aspx?UID=3218&profile=523854
[2014-05-20 20:10:14Z] CREATE_USER: Randy Goins, profile: 523854
[2014-05-20 20:10:14Z] ADULT_INFO_PAGE: Benjamin Gonzales, profile: 609808, /securesite/parentmain.aspx?UID=3218&profile=609808
[2014-05-20 20:10:15Z] CREATE_USER: Benjamin Gonzales, profile: 609808
[2014-05-20 20:10:15Z] ADULT_INFO_PAGE: Melissa Guerriero, profile: 505550, /securesite/parentmain.aspx?UID=3218&profile=505550
[2014-05-20 20:10:16Z] CREATE_USER: Melissa Guerriero, profile: 505550
[2014-05-20 20:10:16Z] ADULT_INFO_PAGE: John Gunther, profile: 279354, /securesite/parentmain.aspx?UID=3218&profile=279354
[2014-05-20 20:10:18Z] CREATE_USER: John Gunther, profile: 279354
[2014-05-20 20:10:18Z] ADULT_INFO_PAGE: Kent Harding, profile: 467182, /securesite/parentmain.aspx?UID=3218&profile=467182
[2014-05-20 20:10:19Z] CREATE_USER: Kent Harding, profile: 467182
[2014-05-20 20:10:19Z] ADULT_INFO_PAGE: Kristy Harding, profile: 330992, /securesite/parentmain.aspx?UID=3218&profile=330992
[2014-05-20 20:10:21Z] CREATE_USER: Kristy Harding, profile: 330992
[2014-05-20 20:10:21Z] ADULT_INFO_PAGE: Doug Hayes, profile: 184384, /securesite/parentmain.aspx?UID=3218&profile=184384
[2014-05-20 20:10:22Z] CREATE_USER: Doug Hayes, profile: 184384
[2014-05-20 20:10:22Z] ADULT_INFO_PAGE: Henry Hayes, profile: 699304, /securesite/parentmain.aspx?UID=3218&profile=699304
[2014-05-20 20:10:23Z] CREATE_USER: Henry Hayes, profile: 699304
[2014-05-20 20:10:23Z] ADULT_INFO_PAGE: Michelle Hayes, profile: 284962, /securesite/parentmain.aspx?UID=3218&profile=284962
[2014-05-20 20:10:24Z] CREATE_USER: Michelle Hayes, profile: 284962
[2014-05-20 20:10:24Z] ADULT_INFO_PAGE: Tom and Amy Hill, profile: 255927, /securesite/parentmain.aspx?UID=3218&profile=255927
[2014-05-20 20:10:26Z] CREATE_USER: Tom and Amy Hill, profile: 255927
[2014-05-20 20:10:26Z] ADULT_INFO_PAGE: Tom Hill Sr, profile: 727011, /securesite/parentmain.aspx?UID=3218&profile=727011
[2014-05-20 20:10:27Z] CREATE_USER: Tom Hill Sr, profile: 727011
[2014-05-20 20:10:27Z] ADULT_INFO_PAGE: Dean Hoppes, profile: 332715, /securesite/parentmain.aspx?UID=3218&profile=332715
[2014-05-20 20:10:28Z] CREATE_USER: Dean Hoppes, profile: 332715
[2014-05-20 20:10:28Z] ADULT_INFO_PAGE: Lynn Jackson, profile: 300490, /securesite/parentmain.aspx?UID=3218&profile=300490
[2014-05-20 20:10:30Z] CREATE_USER: Lynn Jackson, profile: 300490
[2014-05-20 20:10:30Z] ActiveRecord::RecordInvalid: #<Scoutlander::Datum::Person:0x007f88b7633868 @attributes=[:inspected, :first_name, :last_name, :sub_unit, :leadership_role, :security_level, :email, :alternate_email, :send_reminders, :home_phone, :work_phone, :cell_phone, :address1, :city, :state, :zip_code, :sl_url, :sl_uid, :sl_profile, :relations, :parent], @inspected=true, @first_name="Lynn", @last_name="Jackson", @sub_unit=nil, @leadership_role="", @security_level="Active - No Access", @email="No Email", @alternate_email="", @send_reminders=false, @home_phone="", @work_phone="", @cell_phone="", @address1="", @city="", @state="", @zip_code="", @sl_url="/securesite/parentmain.aspx?UID=3218&profile=300490", @sl_uid="3218", @sl_profile="300490", @relations=[], @parent=nil>
[2014-05-20 20:10:30Z] ADULT_INFO_PAGE: Susan Jeffer, profile: 134656, /securesite/parentmain.aspx?UID=3218&profile=134656
[2014-05-20 20:10:31Z] CREATE_USER: Susan Jeffer, profile: 134656
[2014-05-20 20:10:31Z] ADULT_INFO_PAGE: Charlotte Kelso, profile: 91209, /securesite/parentmain.aspx?UID=3218&profile=91209
[2014-05-20 20:10:33Z] CREATE_USER: Charlotte Kelso, profile: 91209
[2014-05-20 20:10:33Z] ADULT_INFO_PAGE: Curtis Kelso, profile: 90362, /securesite/parentmain.aspx?UID=3218&profile=90362
[2014-05-20 20:10:35Z] CREATE_USER: Curtis Kelso, profile: 90362
[2014-05-20 20:10:35Z] ADULT_INFO_PAGE: Laura Kersten, profile: 714102, /securesite/parentmain.aspx?UID=3218&profile=714102
[2014-05-20 20:10:36Z] CREATE_USER: Laura Kersten, profile: 714102
[2014-05-20 20:10:36Z] ADULT_INFO_PAGE: Paul Kersten, profile: 714104, /securesite/parentmain.aspx?UID=3218&profile=714104
[2014-05-20 20:10:38Z] CREATE_USER: Paul Kersten, profile: 714104
[2014-05-20 20:10:38Z] ADULT_INFO_PAGE: George King, profile: 79806, /securesite/parentmain.aspx?UID=3218&profile=79806
[2014-05-20 20:10:40Z] CREATE_USER: George King, profile: 79806
[2014-05-20 20:10:40Z] ADULT_INFO_PAGE: Sheri King, profile: 81027, /securesite/parentmain.aspx?UID=3218&profile=81027
[2014-05-20 20:10:43Z] CREATE_USER: Sheri King, profile: 81027
[2014-05-20 20:10:43Z] ADULT_INFO_PAGE: Christine Klein, profile: 134655, /securesite/parentmain.aspx?UID=3218&profile=134655
[2014-05-20 20:10:44Z] CREATE_USER: Christine Klein, profile: 134655
[2014-05-20 20:10:44Z] ADULT_INFO_PAGE: Evan Korn, profile: 667028, /securesite/parentmain.aspx?UID=3218&profile=667028
[2014-05-20 20:10:46Z] CREATE_USER: Evan Korn, profile: 667028
[2014-05-20 20:10:46Z] ADULT_INFO_PAGE: Robyn Kreuer, profile: 146013, /securesite/parentmain.aspx?UID=3218&profile=146013
[2014-05-20 20:10:48Z] CREATE_USER: Robyn Kreuer, profile: 146013
[2014-05-20 20:10:48Z] ADULT_INFO_PAGE: Cristina Ladas, profile: 119669, /securesite/parentmain.aspx?UID=3218&profile=119669
[2014-05-20 20:10:49Z] CREATE_USER: Cristina Ladas, profile: 119669
[2014-05-20 20:10:49Z] ADULT_INFO_PAGE: Michael Laggren, profile: 91214, /securesite/parentmain.aspx?UID=3218&profile=91214
[2014-05-20 20:10:51Z] CREATE_USER: Michael Laggren, profile: 91214
[2014-05-20 20:10:51Z] ADULT_INFO_PAGE: Sam Laggren, profile: 121151, /securesite/parentmain.aspx?UID=3218&profile=121151
[2014-05-20 20:10:52Z] CREATE_USER: Sam Laggren, profile: 121151
[2014-05-20 20:10:52Z] ADULT_INFO_PAGE: Laura Laizure, profile: 255917, /securesite/parentmain.aspx?UID=3218&profile=255917
[2014-05-20 20:10:54Z] CREATE_USER: Laura Laizure, profile: 255917
[2014-05-20 20:10:54Z] ADULT_INFO_PAGE: Tres Laizure, profile: 244662, /securesite/parentmain.aspx?UID=3218&profile=244662
[2014-05-20 20:10:55Z] CREATE_USER: Tres Laizure, profile: 244662
[2014-05-20 20:10:55Z] ADULT_INFO_PAGE: Paul and Julie LaRue, profile: 279327, /securesite/parentmain.aspx?UID=3218&profile=279327
[2014-05-20 20:10:58Z] CREATE_USER: Paul and Julie LaRue, profile: 279327
[2014-05-20 20:10:58Z] ADULT_INFO_PAGE: Jamie Levy, profile: 91215, /securesite/parentmain.aspx?UID=3218&profile=91215
[2014-05-20 20:11:00Z] CREATE_USER: Jamie Levy, profile: 91215
[2014-05-20 20:11:00Z] ADULT_INFO_PAGE: Mike Levy, profile: 275615, /securesite/parentmain.aspx?UID=3218&profile=275615
[2014-05-20 20:11:02Z] CREATE_USER: Mike Levy, profile: 275615
[2014-05-20 20:11:02Z] ADULT_INFO_PAGE: Rachael Madden, profile: 255916, /securesite/parentmain.aspx?UID=3218&profile=255916
[2014-05-20 20:11:05Z] CREATE_USER: Rachael Madden, profile: 255916
[2014-05-20 20:11:05Z] ADULT_INFO_PAGE: Rob Madden, profile: 244791, /securesite/parentmain.aspx?UID=3218&profile=244791
[2014-05-20 20:11:07Z] CREATE_USER: Rob Madden, profile: 244791
[2014-05-20 20:11:07Z] ActiveRecord::RecordInvalid: #<Scoutlander::Datum::Person:0x007f88b77cbc98 @attributes=[:inspected, :first_name, :last_name, :sub_unit, :leadership_role, :security_level, :email, :alternate_email, :send_reminders, :home_phone, :work_phone, :cell_phone, :address1, :city, :state, :zip_code, :sl_url, :sl_uid, :sl_profile, :relations, :parent], @inspected=true, @first_name="Rob", @last_name="Madden", @sub_unit=nil, @leadership_role="Advancement Coord", @security_level="Leader Access", @email="rob@robmadden.com", @alternate_email="", @send_reminders=true, @home_phone="", @work_phone="", @cell_phone="480-888-1234", @address1="", @city="", @state="", @zip_code="", @sl_url="/securesite/parentmain.aspx?UID=3218&profile=244791", @sl_uid="3218", @sl_profile="244791", @relations=[], @parent=nil>
[2014-05-20 20:11:07Z] ADULT_INFO_PAGE: Steve Maggio, profile: 147946, /securesite/parentmain.aspx?UID=3218&profile=147946
[2014-05-20 20:11:09Z] CREATE_USER: Steve Maggio, profile: 147946
[2014-05-20 20:11:09Z] ADULT_INFO_PAGE: Mumina Malik, profile: 91217, /securesite/parentmain.aspx?UID=3218&profile=91217
[2014-05-20 20:11:11Z] CREATE_USER: Mumina Malik, profile: 91217
[2014-05-20 20:11:11Z] ADULT_INFO_PAGE: John Marchica, profile: 135910, /securesite/parentmain.aspx?UID=3218&profile=135910
[2014-05-20 20:11:13Z] CREATE_USER: John Marchica, profile: 135910
[2014-05-20 20:11:13Z] ADULT_INFO_PAGE: James Marczak, profile: 184385, /securesite/parentmain.aspx?UID=3218&profile=184385
[2014-05-20 20:11:14Z] CREATE_USER: James Marczak, profile: 184385
[2014-05-20 20:11:14Z] ADULT_INFO_PAGE: Kevin McElhadon, profile: 91219, /securesite/parentmain.aspx?UID=3218&profile=91219
[2014-05-20 20:11:17Z] CREATE_USER: Kevin McElhadon, profile: 91219
[2014-05-20 20:11:17Z] ADULT_INFO_PAGE: Deb McElhanon, profile: 91227, /securesite/parentmain.aspx?UID=3218&profile=91227
[2014-05-20 20:11:18Z] CREATE_USER: Deb McElhanon, profile: 91227
[2014-05-20 20:11:18Z] ADULT_INFO_PAGE: Walter Meyers, profile: 572650, /securesite/parentmain.aspx?UID=3218&profile=572650
[2014-05-20 20:11:20Z] CREATE_USER: Walter Meyers, profile: 572650
[2014-05-20 20:11:20Z] ADULT_INFO_PAGE: Julie Miller, profile: 132560, /securesite/parentmain.aspx?UID=3218&profile=132560
[2014-05-20 20:11:22Z] CREATE_USER: Julie Miller, profile: 132560
[2014-05-20 20:11:22Z] ADULT_INFO_PAGE: Lesley Mohn, profile: 270399, /securesite/parentmain.aspx?UID=3218&profile=270399
[2014-05-20 20:11:23Z] CREATE_USER: Lesley Mohn, profile: 270399
[2014-05-20 20:11:23Z] ADULT_INFO_PAGE: Grady Moore, profile: 134654, /securesite/parentmain.aspx?UID=3218&profile=134654
[2014-05-20 20:11:25Z] CREATE_USER: Grady Moore, profile: 134654
[2014-05-20 20:11:25Z] ADULT_INFO_PAGE: Sara Murphy, profile: 256828, /securesite/parentmain.aspx?UID=3218&profile=256828
[2014-05-20 20:11:26Z] CREATE_USER: Sara Murphy, profile: 256828
[2014-05-20 20:11:26Z] ADULT_INFO_PAGE: Danette Myers, profile: 279898, /securesite/parentmain.aspx?UID=3218&profile=279898
[2014-05-20 20:11:28Z] CREATE_USER: Danette Myers, profile: 279898
[2014-05-20 20:11:28Z] ADULT_INFO_PAGE: Kurt Myers, profile: 244779, /securesite/parentmain.aspx?UID=3218&profile=244779
[2014-05-20 20:11:29Z] CREATE_USER: Kurt Myers, profile: 244779
[2014-05-20 20:11:29Z] ADULT_INFO_PAGE: Jim Noble, profile: 91223, /securesite/parentmain.aspx?UID=3218&profile=91223
[2014-05-20 20:11:30Z] CREATE_USER: Jim Noble, profile: 91223
[2014-05-20 20:11:30Z] ADULT_INFO_PAGE: Doug Oakley, profile: 716585, /securesite/parentmain.aspx?UID=3218&profile=716585
[2014-05-20 20:11:32Z] CREATE_USER: Doug Oakley, profile: 716585
[2014-05-20 20:11:32Z] ADULT_INFO_PAGE: Susanne Oakley, profile: 91224, /securesite/parentmain.aspx?UID=3218&profile=91224
[2014-05-20 20:11:34Z] CREATE_USER: Susanne Oakley, profile: 91224
[2014-05-20 20:11:34Z] ADULT_INFO_PAGE: Thom O'Neal, profile: 678469, /securesite/parentmain.aspx?UID=3218&profile=678469
[2014-05-20 20:11:36Z] CREATE_USER: Thom O'Neal, profile: 678469
[2014-05-20 20:11:36Z] ADULT_INFO_PAGE: Kim Padgett, profile: 902893, /securesite/parentmain.aspx?UID=3218&profile=902893
[2014-05-20 20:11:38Z] CREATE_USER: Kim Padgett, profile: 902893
[2014-05-20 20:11:38Z] ADULT_INFO_PAGE: Janice Pomarico, profile: 365179, /securesite/parentmain.aspx?UID=3218&profile=365179
[2014-05-20 20:11:40Z] CREATE_USER: Janice Pomarico, profile: 365179
[2014-05-20 20:11:40Z] ADULT_INFO_PAGE: Susan Preece, profile: 457707, /securesite/parentmain.aspx?UID=3218&profile=457707
[2014-05-20 20:11:42Z] CREATE_USER: Susan Preece, profile: 457707
[2014-05-20 20:11:42Z] ADULT_INFO_PAGE: William Preece, profile: 279341, /securesite/parentmain.aspx?UID=3218&profile=279341
[2014-05-20 20:11:44Z] CREATE_USER: William Preece, profile: 279341
[2014-05-20 20:11:44Z] ADULT_INFO_PAGE: Jenning Prevatte, profile: 271005, /securesite/parentmain.aspx?UID=3218&profile=271005
[2014-05-20 20:11:46Z] CREATE_USER: Jenning Prevatte, profile: 271005
[2014-05-20 20:11:46Z] ADULT_INFO_PAGE: Lani Regina, profile: 734251, /securesite/parentmain.aspx?UID=3218&profile=734251
[2014-05-20 20:11:48Z] CREATE_USER: Lani Regina, profile: 734251
[2014-05-20 20:11:48Z] ADULT_INFO_PAGE: Frank Richardson, profile: 279346, /securesite/parentmain.aspx?UID=3218&profile=279346
[2014-05-20 20:11:49Z] CREATE_USER: Frank Richardson, profile: 279346
[2014-05-20 20:11:49Z] ADULT_INFO_PAGE: April Scudder, profile: 847433, /securesite/parentmain.aspx?UID=3218&profile=847433
[2014-05-20 20:11:50Z] CREATE_USER: April Scudder, profile: 847433
[2014-05-20 20:11:50Z] ADULT_INFO_PAGE: Karl Scudder, profile: 788331, /securesite/parentmain.aspx?UID=3218&profile=788331
[2014-05-20 20:11:52Z] CREATE_USER: Karl Scudder, profile: 788331
[2014-05-20 20:11:52Z] ADULT_INFO_PAGE: Anne Louise Smith, profile: 736586, /securesite/parentmain.aspx?UID=3218&profile=736586
[2014-05-20 20:11:53Z] CREATE_USER: Anne Louise Smith, profile: 736586
[2014-05-20 20:11:53Z] ADULT_INFO_PAGE: Karl Smith, profile: 244778, /securesite/parentmain.aspx?UID=3218&profile=244778
[2014-05-20 20:11:54Z] CREATE_USER: Karl Smith, profile: 244778
[2014-05-20 20:11:54Z] ADULT_INFO_PAGE: Tim Smith, profile: 90938, /securesite/parentmain.aspx?UID=3218&profile=90938
[2014-05-20 20:11:56Z] CREATE_USER: Tim Smith, profile: 90938
[2014-05-20 20:11:56Z] ADULT_INFO_PAGE: William Smith, profile: 420893, /securesite/parentmain.aspx?UID=3218&profile=420893
[2014-05-20 20:11:58Z] CREATE_USER: William Smith, profile: 420893
[2014-05-20 20:11:58Z] ADULT_INFO_PAGE: Cory Sneeringer, profile: 692284, /securesite/parentmain.aspx?UID=3218&profile=692284
[2014-05-20 20:11:59Z] CREATE_USER: Cory Sneeringer, profile: 692284
[2014-05-20 20:11:59Z] ADULT_INFO_PAGE: Kelly Snider, profile: 107178, /securesite/parentmain.aspx?UID=3218&profile=107178
[2014-05-20 20:12:00Z] CREATE_USER: Kelly Snider, profile: 107178
[2014-05-20 20:12:00Z] ADULT_INFO_PAGE: Shanon Southard, profile: 505567, /securesite/parentmain.aspx?UID=3218&profile=505567
[2014-05-20 20:12:02Z] CREATE_USER: Shanon Southard, profile: 505567
[2014-05-20 20:12:02Z] ADULT_INFO_PAGE: Henry Sprafkin, profile: 244665, /securesite/parentmain.aspx?UID=3218&profile=244665
[2014-05-20 20:12:04Z] CREATE_USER: Henry Sprafkin, profile: 244665
[2014-05-20 20:12:04Z] ADULT_INFO_PAGE: Pam Sprafkin, profile: 255918, /securesite/parentmain.aspx?UID=3218&profile=255918
[2014-05-20 20:12:05Z] CREATE_USER: Pam Sprafkin, profile: 255918
[2014-05-20 20:12:05Z] ADULT_INFO_PAGE: Ellen Stoya, profile: 715536, /securesite/parentmain.aspx?UID=3218&profile=715536
[2014-05-20 20:12:06Z] CREATE_USER: Ellen Stoya, profile: 715536
[2014-05-20 20:12:06Z] ADULT_INFO_PAGE: Jennifer Stupski, profile: 244799, /securesite/parentmain.aspx?UID=3218&profile=244799
[2014-05-20 20:12:08Z] CREATE_USER: Jennifer Stupski, profile: 244799
[2014-05-20 20:12:08Z] ADULT_INFO_PAGE: Bill Swift, profile: 244800, /securesite/parentmain.aspx?UID=3218&profile=244800
[2014-05-20 20:12:09Z] CREATE_USER: Bill Swift, profile: 244800
[2014-05-20 20:12:09Z] ADULT_INFO_PAGE: Kristine Tieplinsky, profile: 721028, /securesite/parentmain.aspx?UID=3218&profile=721028
[2014-05-20 20:12:11Z] CREATE_USER: Kristine Tieplinsky, profile: 721028
[2014-05-20 20:12:11Z] ADULT_INFO_PAGE: Megan Tolle, profile: 723583, /securesite/parentmain.aspx?UID=3218&profile=723583
[2014-05-20 20:12:13Z] CREATE_USER: Megan Tolle, profile: 723583
[2014-05-20 20:12:13Z] ADULT_INFO_PAGE: Todd Vesledahl, profile: 91233, /securesite/parentmain.aspx?UID=3218&profile=91233
[2014-05-20 20:12:14Z] CREATE_USER: Todd Vesledahl, profile: 91233
[2014-05-20 20:12:14Z] ADULT_INFO_PAGE: John Vogel, profile: 503599, /securesite/parentmain.aspx?UID=3218&profile=503599
[2014-05-20 20:12:15Z] CREATE_USER: John Vogel, profile: 503599
[2014-05-20 20:12:15Z] ADULT_INFO_PAGE: Jay Williams, profile: 91237, /securesite/parentmain.aspx?UID=3218&profile=91237
[2014-05-20 20:12:17Z] CREATE_USER: Jay Williams, profile: 91237
[2014-05-20 20:12:17Z] ADULT_INFO_PAGE: Kim Williams, profile: 164022, /securesite/parentmain.aspx?UID=3218&profile=164022
[2014-05-20 20:12:18Z] CREATE_USER: Kim Williams, profile: 164022
[2014-05-20 20:12:18Z] ADULT_INFO_PAGE: Debbie Wong, profile: 91239, /securesite/parentmain.aspx?UID=3218&profile=91239
[2014-05-20 20:12:19Z] CREATE_USER: Debbie Wong, profile: 91239
[2014-05-20 20:12:19Z] ActiveRecord::RecordInvalid: #<Scoutlander::Datum::Person:0x007f88b8361670 @attributes=[:inspected, :first_name, :last_name, :sub_unit, :leadership_role, :security_level, :email, :alternate_email, :send_reminders, :home_phone, :work_phone, :cell_phone, :address1, :city, :state, :zip_code, :sl_url, :sl_uid, :sl_profile, :relations, :parent], @inspected=true, @first_name="Debbie", @last_name="Wong", @sub_unit=nil, @leadership_role="", @security_level="Active - No Access", @email="No Email", @alternate_email="", @send_reminders=false, @home_phone="", @work_phone="", @cell_phone="", @address1="", @city="", @state="", @zip_code="", @sl_url="/securesite/parentmain.aspx?UID=3218&profile=91239", @sl_uid="3218", @sl_profile="91239", @relations=[], @parent=nil>
[2014-05-20 20:12:19Z] ADULT_INFO_PAGE: Weldon Wong, profile: 90941, /securesite/parentmain.aspx?UID=3218&profile=90941
[2014-05-20 20:12:20Z] CREATE_USER: Weldon Wong, profile: 90941
[2014-05-20 20:12:20Z] ADULT_INFO_PAGE: Linda Zavesky, profile: 279324, /securesite/parentmain.aspx?UID=3218&profile=279324
[2014-05-20 20:12:21Z] CREATE_USER: Linda Zavesky, profile: 279324
[2014-05-20 20:12:21Z] ADULT_INFO_PAGE: Brad Zoerb, profile: 284956, /securesite/parentmain.aspx?UID=3218&profile=284956
[2014-05-20 20:12:23Z] CREATE_USER: Brad Zoerb, profile: 284956
[2014-05-20 20:12:23Z] ADULT_INFO_PAGE: Karen Zoerb, profile: 284959, /securesite/parentmain.aspx?UID=3218&profile=284959
[2014-05-20 20:12:24Z] CREATE_USER: Karen Zoerb, profile: 284959
