[2014-05-20 20:26:52Z] Login to Scoutlander.com -> GET 'http://www.scoutlander.com/publicsite/home.aspx', username: threadhead@gmail.com
[2014-05-20 20:26:54Z] PAGE TITLE : ScoutLander - Home - Free Boy Scout, Cub Scout, and Girl Scout Websites
[2014-05-20 20:26:57Z] FETCH_ALL_ADULT_INFO_AND_CREATE: start
[2014-05-20 20:26:57Z] ADULT_INFO_PAGE: Dagmar Adams, profile: 359326, /securesite/parentmain.aspx?UID=3218&profile=359326
[2014-05-20 20:26:58Z] UPDATE_USER: Dagmar Adams
[2014-05-20 20:26:58Z] ADULT_INFO_PAGE: Dave Amann, profile: 85542, /securesite/parentmain.aspx?UID=3218&profile=85542
[2014-05-20 20:27:00Z] UPDATE_USER: Dave Amann
[2014-05-20 20:27:00Z] ADULT_INFO_PAGE: Virginia Araujo, profile: 575874, /securesite/parentmain.aspx?UID=3218&profile=575874
[2014-05-20 20:27:01Z] UPDATE_USER: Virginia Araujo
[2014-05-20 20:27:01Z] ADULT_INFO_PAGE: Kelly Armijo, profile: 720340, /securesite/parentmain.aspx?UID=3218&profile=720340
[2014-05-20 20:27:03Z] UPDATE_USER: Kelly Armijo
[2014-05-20 20:27:03Z] ADULT_INFO_PAGE: Anna Barab, profile: 658927, /securesite/parentmain.aspx?UID=3218&profile=658927
[2014-05-20 20:27:04Z] UPDATE_USER: Anna Barab
[2014-05-20 20:27:04Z] ADULT_INFO_PAGE: Philip Barnett, profile: 80385, /securesite/parentmain.aspx?UID=3218&profile=80385
[2014-05-20 20:27:06Z] UPDATE_USER: Philip Barnett
[2014-05-20 20:27:06Z] ADULT_INFO_PAGE: Stacey Barnett, profile: 91154, /securesite/parentmain.aspx?UID=3218&profile=91154
[2014-05-20 20:27:07Z] UPDATE_USER: Stacey Barnett
[2014-05-20 20:27:07Z] ADULT_INFO_PAGE: John Bartholomew, profile: 244794, /securesite/parentmain.aspx?UID=3218&profile=244794
[2014-05-20 20:27:08Z] UPDATE_USER: John Bartholomew
[2014-05-20 20:27:08Z] ADULT_INFO_PAGE: Hazen Bazinet, profile: 137903, /securesite/parentmain.aspx?UID=3218&profile=137903
[2014-05-20 20:27:10Z] UPDATE_USER: Hazen Bazinet
[2014-05-20 20:27:10Z] ADULT_INFO_PAGE: Suzanne Bennett, profile: 279319, /securesite/parentmain.aspx?UID=3218&profile=279319
